<?xml version="1.0" encoding="UTF-8"?>
<testng-results skipped="0" failed="0" ignored="0" total="1" passed="1">
  <reporter-output>
  </reporter-output>
  <suite name="Default suite" duration-ms="241" started-at="2020-06-08T15:23:45Z" finished-at="2020-06-08T15:23:46Z">
    <groups>
    </groups>
    <test name="Default test" duration-ms="241" started-at="2020-06-08T15:23:45Z" finished-at="2020-06-08T15:23:46Z">
      <class name="com.testP.TestSecond">
        <test-method status="PASS" signature="myTest()[pri:0, instance:com.testP.TestSecond@6d8a00e3]" name="myTest" duration-ms="55" started-at="2020-06-08T15:23:45Z" finished-at="2020-06-08T15:23:46Z">
          <reporter-output>
          </reporter-output>
        </test-method> <!-- myTest -->
      </class> <!-- com.testP.TestSecond -->
    </test> <!-- Default test -->
  </suite> <!-- Default suite -->
</testng-results>
